NFCDemo/app/build/outputs/logs/manifest-merger-debug-report.txt
-- Merging decision tree log ---
manifest
ADDED from src/main/AndroidManifest.xml:2:1-52:12
	package
		ADDED from src/main/AndroidManifest.xml:3:7-33
		INJECTED from src/main/AndroidManifest.xml
		INJECTED from src/main/AndroidManifest.xml
	android:versionName
		ADDED from src/main/AndroidManifest.xml:5:7-32
		INJECTED from src/main/AndroidManifest.xml
		INJECTED from src/main/AndroidManifest.xml
	android:versionCode
		ADDED from src/main/AndroidManifest.xml:4:7-30
		INJECTED from src/main/AndroidManifest.xml
		INJECTED from src/main/AndroidManifest.xml
	xmlns:android
		ADDED from src/main/AndroidManifest.xml:2:11-69
uses-sdk
ADDED from src/main/AndroidManifest.xml:6:5-44
	android:targetSdkVersion
		INJECTED from src/main/AndroidManifest.xml
		INJECTED from src/main/AndroidManifest.xml
	android:minSdkVersion
		ADDED from src/main/AndroidManifest.xml:6:15-41
		INJECTED from src/main/AndroidManifest.xml
		INJECTED from src/main/AndroidManifest.xml
uses-permission#android.permission.NFC
ADDED from src/main/AndroidManifest.xml:7:6-63
	android:name
		ADDED from src/main/AndroidManifest.xml:7:23-60
uses-feature#android.hardware.nfc
ADDED from src/main/AndroidManifest.xml:8:6-82
	android:required
		ADDED from src/main/AndroidManifest.xml:8:56-79
	android:name
		ADDED from src/main/AndroidManifest.xml:8:20-55
application
ADDED from src/main/AndroidManifest.xml:10:5-51:19
	android:label
		ADDED from src/main/AndroidManifest.xml:10:48-80
	android:icon
		ADDED from src/main/AndroidManifest.xml:10:18-47
activity#com.pstreets.nfc.NFCDemoActivity
ADDED from src/main/AndroidManifest.xml:11:9-42:20
	android:label
		ADDED from src/main/AndroidManifest.xml:12:19-51
	android:launchMode
		ADDED from src/main/AndroidManifest.xml:13:19-49
	android:name
		ADDED from src/main/AndroidManifest.xml:11:19-50
intent-filter#android.intent.action.MAIN+android.intent.category.LAUNCHER
ADDED from src/main/AndroidManifest.xml:14:13-17:29
action#android.intent.action.MAIN
ADDED from src/main/AndroidManifest.xml:15:17-69
	android:name
		ADDED from src/main/AndroidManifest.xml:15:25-66
category#android.intent.category.LAUNCHER
ADDED from src/main/AndroidManifest.xml:16:17-77
	android:name
		ADDED from src/main/AndroidManifest.xml:16:27-74
intent-filter#android.nfc.action.NDEF_DISCOVERED
ADDED from src/main/AndroidManifest.xml:18:13-21:29
action#android.nfc.action.NDEF_DISCOVERED
ADDED from src/main/AndroidManifest.xml:19:15-74
	android:name
		ADDED from src/main/AndroidManifest.xml:19:23-72
data
ADDED from src/main/AndroidManifest.xml:20:15-53
	android:mimeType
		ADDED from src/main/AndroidManifest.xml:20:21-50
intent-filter#android.intent.category.DEFAULT+android.nfc.action.TAG_DISCOVERED
ADDED from src/main/AndroidManifest.xml:22:13-32:20
action#android.nfc.action.TAG_DISCOVERED
ADDED from src/main/AndroidManifest.xml:24:5-27:14
	android:name
		ADDED from src/main/AndroidManifest.xml:25:6-54
category#android.intent.category.DEFAULT
ADDED from src/main/AndroidManifest.xml:28:5-31:16
	android:name
		ADDED from src/main/AndroidManifest.xml:29:6-52
intent-filter#android.nfc.action.TECH_DISCOVERED
ADDED from src/main/AndroidManifest.xml:34:13-36:29
action#android.nfc.action.TECH_DISCOVERED
ADDED from src/main/AndroidManifest.xml:35:17-77
	android:name
		ADDED from src/main/AndroidManifest.xml:35:25-74
meta-data#android.nfc.action.TECH_DISCOVERED
ADDED from src/main/AndroidManifest.xml:38:13-40:15
	android:resource
		ADDED from src/main/AndroidManifest.xml:39:17-51
	android:name
		ADDED from src/main/AndroidManifest.xml:38:24-73
activity#com.pstreets.nfc.MainActivity
ADDED from src/main/AndroidManifest.xml:43:9-49:20
	android:label
		ADDED from src/main/AndroidManifest.xml:44:19-51
	android:name
		ADDED from src/main/AndroidManifest.xml:43:19-47